/*C1*/SET SCHEMA SYSTEM_LOBS
INSERT INTO BLOCKS VALUES(0,2147483647,0)
COMMIT
/*C2*/SET SCHEMA PUBLIC
create table noticia (id bigint generated by default as identity (start with 1), texto varchar(255), titulo varchar(255), primary key (id))
INSERT INTO NOTICIA VALUES(1,'same test','Test')
COMMIT
/*C8*/SET SCHEMA PUBLIC
DISCONNECT
/*C5*/SET SCHEMA PUBLIC
DISCONNECT
/*C9*/SET SCHEMA PUBLIC
DISCONNECT
/*C6*/SET SCHEMA PUBLIC
DISCONNECT
/*C2*/DISCONNECT
/*C4*/SET SCHEMA PUBLIC
DISCONNECT
/*C11*/SET SCHEMA PUBLIC
DISCONNECT
/*C3*/SET SCHEMA PUBLIC
DISCONNECT
/*C7*/SET SCHEMA PUBLIC
DISCONNECT
/*C10*/SET SCHEMA PUBLIC
DISCONNECT
/*C12*/SET SCHEMA PUBLIC
INSERT INTO NOTICIA VALUES(2,'news description','News')
COMMIT
/*C13*/SET SCHEMA PUBLIC
DISCONNECT
/*C20*/SET SCHEMA PUBLIC
DISCONNECT
/*C16*/SET SCHEMA PUBLIC
DISCONNECT
/*C17*/SET SCHEMA PUBLIC
DISCONNECT
/*C12*/DISCONNECT
/*C15*/SET SCHEMA PUBLIC
DISCONNECT
/*C21*/SET SCHEMA PUBLIC
DISCONNECT
/*C14*/SET SCHEMA PUBLIC
DISCONNECT
/*C18*/SET SCHEMA PUBLIC
DISCONNECT
/*C19*/SET SCHEMA PUBLIC
DISCONNECT
/*C22*/SET SCHEMA PUBLIC
DELETE FROM NOTICIA WHERE ID=1
INSERT INTO NOTICIA VALUES(1,'same test','Test 45')
COMMIT
DELETE FROM NOTICIA WHERE ID=1
INSERT INTO NOTICIA VALUES(1,'same test','Test 453')
COMMIT
DISCONNECT
/*C27*/SET SCHEMA PUBLIC
DISCONNECT
/*C28*/SET SCHEMA PUBLIC
DISCONNECT
/*C23*/SET SCHEMA PUBLIC
DISCONNECT
/*C31*/SET SCHEMA PUBLIC
DISCONNECT
/*C29*/SET SCHEMA PUBLIC
DISCONNECT
/*C30*/SET SCHEMA PUBLIC
DISCONNECT
/*C24*/SET SCHEMA PUBLIC
DISCONNECT
/*C25*/SET SCHEMA PUBLIC
DISCONNECT
/*C26*/SET SCHEMA PUBLIC
DISCONNECT
/*C32*/SET SCHEMA PUBLIC
DELETE FROM NOTICIA WHERE ID=2
INSERT INTO NOTICIA VALUES(2,'news description','News t')
COMMIT
DISCONNECT
/*C35*/SET SCHEMA PUBLIC
DISCONNECT
/*C33*/SET SCHEMA PUBLIC
DISCONNECT
/*C36*/SET SCHEMA PUBLIC
DISCONNECT
/*C40*/SET SCHEMA PUBLIC
DISCONNECT
/*C34*/SET SCHEMA PUBLIC
DISCONNECT
/*C37*/SET SCHEMA PUBLIC
DISCONNECT
/*C39*/SET SCHEMA PUBLIC
DISCONNECT
/*C41*/SET SCHEMA PUBLIC
DISCONNECT
/*C38*/SET SCHEMA PUBLIC
DISCONNECT
/*C42*/SET SCHEMA PUBLIC
DELETE FROM NOTICIA WHERE ID=2
INSERT INTO NOTICIA VALUES(2,'news description','News t333')
COMMIT
DELETE FROM NOTICIA WHERE ID=2
INSERT INTO NOTICIA VALUES(2,'news description','News t')
COMMIT
DELETE FROM NOTICIA WHERE ID=2
INSERT INTO NOTICIA VALUES(2,'news description','News tony')
COMMIT
INSERT INTO NOTICIA VALUES(3,'teste','teste')
COMMIT
DELETE FROM NOTICIA WHERE ID=3
COMMIT
INSERT INTO NOTICIA VALUES(4,'teste','teste')
COMMIT
DELETE FROM NOTICIA WHERE ID=4
COMMIT
INSERT INTO NOTICIA VALUES(5,'teste','teste')
COMMIT
DELETE FROM NOTICIA WHERE ID=5
COMMIT
INSERT INTO NOTICIA VALUES(6,'teste','teste')
COMMIT
DELETE FROM NOTICIA WHERE ID=6
COMMIT
INSERT INTO NOTICIA VALUES(7,'teste','teste')
COMMIT
DELETE FROM NOTICIA WHERE ID=7
COMMIT
DISCONNECT
/*C43*/SET SCHEMA PUBLIC
DISCONNECT
/*C44*/SET SCHEMA PUBLIC
DISCONNECT
/*C45*/SET SCHEMA PUBLIC
DISCONNECT
/*C46*/SET SCHEMA PUBLIC
DISCONNECT
/*C47*/SET SCHEMA PUBLIC
DISCONNECT
/*C48*/SET SCHEMA PUBLIC
DISCONNECT
/*C49*/SET SCHEMA PUBLIC
DISCONNECT
/*C50*/SET SCHEMA PUBLIC
DISCONNECT
/*C51*/SET SCHEMA PUBLIC
DISCONNECT
